<?xml version="1.0" encoding="UTF-8"?>
<!-- Generated by org.testng.reporters.JUnitReportReporter -->
<testsuite hostname="LUSEN" failures="0" tests="1" name="verifyBookmarks.FocusAreasTest" time="14.205" errors="0" timestamp="2025-08-11T00:33:08 EDT" skipped="0">
  <testcase classname="verifyBookmarks.FocusAreasTest" name="testFocusAreas" time="14.205"/>
</testsuite> <!-- verifyBookmarks.FocusAreasTest -->
