<?xml version="1.0" encoding="UTF-8"?>
<!-- Generated by org.testng.reporters.JUnitReportReporter -->
<testsuite hostname="LUSEN" failures="0" tests="1" name="verifyBookmarks.FocusAreasTest" time="10.632" errors="0" timestamp="2025-08-01T00:43:46 EDT" skipped="0">
  <testcase classname="verifyBookmarks.FocusAreasTest" name="testFocusAreas" time="10.632"/>
</testsuite> <!-- verifyBookmarks.FocusAreasTest -->
