<?xml version="1.0" encoding="UTF-8"?>
<!-- Generated by org.testng.reporters.JUnitReportReporter -->
<testsuite hostname="LUSEN" failures="0" tests="1" name="verifyBookmarks.FocusAreaSmokeTest" time="131.909" errors="0" timestamp="2025-07-22T07:55:40 EDT" skipped="0">
  <testcase classname="verifyBookmarks.FocusAreaSmokeTest" name="f" time="131.909"/>
</testsuite> <!-- verifyBookmarks.FocusAreaSmokeTest -->
