<?xml version="1.0" encoding="UTF-8"?>
<!-- Generated by org.testng.reporters.JUnitReportReporter -->
<testsuite hostname="LUSEN" failures="0" tests="1" name="verifyBookmarks.ViewAgencyResultsTest" time="0.826" errors="0" timestamp="2025-08-01T00:43:46 EDT" skipped="0">
  <testcase classname="verifyBookmarks.ViewAgencyResultsTest" name="testViewAgencyResults" time="0.826"/>
</testsuite> <!-- verifyBookmarks.ViewAgencyResultsTest -->
