<?xml version="1.0" encoding="UTF-8"?>
<!-- Generated by org.testng.reporters.JUnitReportReporter -->
<testsuite hostname="LUSEN" failures="0" tests="1" name="verifyBookmarks.ViewFEVSTest" time="8.135" errors="0" timestamp="2025-08-11T00:33:08 EDT" skipped="0">
  <testcase classname="verifyBookmarks.ViewFEVSTest" name="testViewFEVS" time="8.135"/>
</testsuite> <!-- verifyBookmarks.ViewFEVSTest -->
