<?xml version="1.0" encoding="UTF-8"?>
<!-- Generated by org.testng.reporters.JUnitReportReporter -->
<testsuite hostname="LUSEN" failures="0" tests="1" name="verifyBookmarks.ViewFEVSTest" time="11.466" errors="0" timestamp="2025-08-01T00:43:46 EDT" skipped="0">
  <testcase classname="verifyBookmarks.ViewFEVSTest" name="testViewFEVS" time="11.466"/>
</testsuite> <!-- verifyBookmarks.ViewFEVSTest -->
